TN:
SF:src/modules/appointments/services/CreateAppointmentService.ts
FN:18,CreateAppointmentService
FN:25,Object.<anonymous>.CreateAppointmentService.execute
FNF:2
FNH:2
FNDA:1,CreateAppointmentService
FNDA:3,Object.<anonymous>.CreateAppointmentService.execute
DA:1,1
DA:2,1
DA:3,1
DA:4,1
DA:5,1
DA:6,1
DA:7,1
DA:8,1
DA:9,1
DA:10,1
DA:11,1
DA:12,1
DA:13,1
DA:14,1
DA:15,1
DA:16,1
DA:17,1
DA:18,1
DA:19,1
DA:20,1
DA:21,1
DA:22,1
DA:23,1
DA:24,1
DA:25,1
DA:26,3
DA:27,3
DA:28,3
DA:29,3
DA:30,3
DA:31,3
DA:32,3
DA:33,1
DA:34,1
DA:35,2
DA:36,2
DA:37,2
DA:38,2
DA:39,2
DA:40,3
DA:41,3
DA:42,3
DA:43,1
DA:44,1
DA:45,1
LF:45
LH:45
BRDA:15,0,0,1
BRDA:18,1,0,1
BRDA:25,2,0,3
BRDA:32,3,0,1
BRDA:35,4,0,2
BRF:5
BRH:5
end_of_record
TN:
SF:src/modules/users/services/AuthenticateUserService.ts
FN:19,AuthenticateUserService
FN:31,Object.<anonymous>.AuthenticateUserService.execute
FN:45,Object.<anonymous>.AuthenticateUserService.getUserByEmail
FN:55,Object.<anonymous>.AuthenticateUserService.comparePasswords
FN:66,Object.<anonymous>.AuthenticateUserService.generateToken
FNF:5
FNH:5
FNDA:3,AuthenticateUserService
FNDA:3,Object.<anonymous>.AuthenticateUserService.execute
FNDA:3,Object.<anonymous>.AuthenticateUserService.getUserByEmail
FNDA:2,Object.<anonymous>.AuthenticateUserService.comparePasswords
FNDA:1,Object.<anonymous>.AuthenticateUserService.generateToken
DA:1,1
DA:2,1
DA:3,1
DA:4,1
DA:5,1
DA:6,1
DA:7,1
DA:8,1
DA:9,1
DA:10,1
DA:11,1
DA:12,1
DA:13,1
DA:14,1
DA:15,1
DA:16,1
DA:17,1
DA:18,1
DA:19,1
DA:20,3
DA:21,3
DA:22,3
DA:23,3
DA:24,3
DA:25,3
DA:26,3
DA:27,3
DA:28,1
DA:29,1
DA:30,1
DA:31,1
DA:32,3
DA:33,3
DA:34,3
DA:35,3
DA:36,3
DA:37,3
DA:38,3
DA:39,3
DA:40,3
DA:41,3
DA:42,3
DA:43,3
DA:44,1
DA:45,1
DA:46,3
DA:47,3
DA:48,3
DA:49,1
DA:50,1
DA:51,2
DA:52,2
DA:53,3
DA:54,1
DA:55,1
DA:56,2
DA:57,2
DA:58,2
DA:59,2
DA:60,2
DA:61,2
DA:62,2
DA:63,2
DA:64,2
DA:65,1
DA:66,1
DA:67,1
DA:68,1
DA:69,1
DA:70,1
DA:71,1
DA:72,1
DA:73,1
DA:74,1
DA:75,1
DA:76,1
DA:77,1
LF:77
LH:77
BRDA:14,0,0,1
BRDA:19,1,0,3
BRDA:31,2,0,3
BRDA:35,3,0,3
BRDA:45,4,0,3
BRDA:46,5,0,3
BRDA:48,6,0,1
BRDA:51,7,0,2
BRDA:55,8,0,2
BRDA:56,9,0,2
BRDA:66,10,0,1
BRF:11
BRH:11
end_of_record
TN:
SF:src/modules/users/services/CreateUserService.ts
FN:15,CreateUserService
FN:25,Object.<anonymous>.CreateUserService.execute
FNF:2
FNH:2
FNDA:5,CreateUserService
FNDA:6,Object.<anonymous>.CreateUserService.execute
DA:1,1
DA:2,1
DA:3,1
DA:4,1
DA:5,1
DA:6,1
DA:7,1
DA:8,1
DA:9,1
DA:10,2
DA:11,2
DA:12,2
DA:13,2
DA:14,2
DA:15,2
DA:16,5
DA:17,5
DA:18,5
DA:19,5
DA:20,5
DA:21,5
DA:22,5
DA:23,5
DA:24,2
DA:25,2
DA:26,6
DA:27,6
DA:28,6
DA:29,6
DA:30,6
DA:31,6
DA:32,6
DA:33,1
DA:34,1
DA:35,5
DA:36,5
DA:37,6
DA:38,6
DA:39,6
DA:40,6
DA:41,6
DA:42,6
DA:43,6
DA:44,6
DA:45,6
DA:46,2
DA:47,1
DA:48,1
LF:48
LH:48
BRDA:10,0,0,2
BRDA:15,1,0,5
BRDA:25,2,0,6
BRDA:30,3,0,6
BRDA:32,4,0,1
BRDA:35,5,0,5
BRF:6
BRH:6
end_of_record
TN:
SF:src/modules/users/services/UpdateUserAvatarService.ts
FN:16,UpdateUserAvatarService
FN:23,Object.<anonymous>.UpdateUserAvatarService.execute
FN:40,Object.<anonymous>.UpdateUserAvatarService.findUser
FN:49,Object.<anonymous>.UpdateUserAvatarService.unlinkExistingAvatar
FN:58,Object.<anonymous>.UpdateUserAvatarService.updateUser
FNF:5
FNH:1
FNDA:1,UpdateUserAvatarService
FNDA:0,Object.<anonymous>.UpdateUserAvatarService.execute
FNDA:0,Object.<anonymous>.UpdateUserAvatarService.findUser
FNDA:0,Object.<anonymous>.UpdateUserAvatarService.unlinkExistingAvatar
FNDA:0,Object.<anonymous>.UpdateUserAvatarService.updateUser
DA:1,1
DA:2,1
DA:3,1
DA:4,1
DA:5,1
DA:6,1
DA:7,1
DA:8,1
DA:9,1
DA:10,1
DA:11,1
DA:12,1
DA:13,1
DA:14,1
DA:15,1
DA:16,1
DA:17,1
DA:18,1
DA:19,1
DA:20,1
DA:21,1
DA:22,1
DA:23,1
DA:24,0
DA:25,0
DA:26,0
DA:27,0
DA:28,0
DA:29,0
DA:30,0
DA:31,0
DA:32,0
DA:33,0
DA:34,0
DA:35,0
DA:36,0
DA:37,0
DA:38,0
DA:39,1
DA:40,1
DA:41,0
DA:42,0
DA:43,0
DA:44,0
DA:45,0
DA:46,0
DA:47,0
DA:48,1
DA:49,1
DA:50,0
DA:51,0
DA:52,0
DA:53,0
DA:54,0
DA:55,0
DA:56,0
DA:57,1
DA:58,1
DA:59,0
DA:60,0
DA:61,0
DA:62,0
DA:63,1
DA:64,1
DA:65,1
LF:65
LH:32
BRDA:13,0,0,1
BRDA:16,1,0,1
BRF:2
BRH:2
end_of_record
